<?xml version="1.0" encoding="UTF-8"?>
<robot generator="Robot 3.1.2 (Python 3.7.0 on darwin)" generated="20191006 19:22:40.075" rpa="false">
<suite id="s1" name="Amazon" source="/Users/isaias/projects/robot-scripts/first-script/Tests/amazon.robot">
<test id="s1-t1" name="User should be required to sign in when checking out">
<kw name="Open Browser" library="SeleniumLibrary">
<doc>Opens a new browser instance to the given ``url``.</doc>
<arguments>
<arg>http://amazon.com</arg>
<arg>chrome</arg>
</arguments>
<msg timestamp="20191006 19:22:40.246" level="INFO">Opening browser 'chrome' to base url 'http://amazon.com'.</msg>
<status status="PASS" starttime="20191006 19:22:40.245" endtime="20191006 19:22:43.934"></status>
</kw>
<kw name="Sleep" library="BuiltIn">
<doc>Pauses the test executed for the given time.</doc>
<arguments>
<arg>3s</arg>
</arguments>
<msg timestamp="20191006 19:22:46.936" level="INFO">Slept 3 seconds</msg>
<status status="PASS" starttime="20191006 19:22:43.935" endtime="20191006 19:22:46.936"></status>
</kw>
<kw name="Close Browser" library="SeleniumLibrary">
<doc>Closes the current browser.</doc>
<status status="PASS" starttime="20191006 19:22:46.936" endtime="20191006 19:22:47.054"></status>
</kw>
<doc>Basic info about the test</doc>
<tags>
<tag>Smoke</tag>
</tags>
<status status="PASS" starttime="20191006 19:22:40.245" endtime="20191006 19:22:47.054" critical="yes"></status>
</test>
<doc>Basic info about the test suite</doc>
<status status="PASS" starttime="20191006 19:22:40.077" endtime="20191006 19:22:47.055"></status>
</suite>
<statistics>
<total>
<stat pass="1" fail="0">Critical Tests</stat>
<stat pass="1" fail="0">All Tests</stat>
</total>
<tag>
<stat pass="1" fail="0">Smoke</stat>
</tag>
<suite>
<stat pass="1" fail="0" id="s1" name="Amazon">Amazon</stat>
</suite>
</statistics>
<errors>
</errors>
</robot>
